<?xml version="1.0" encoding="UTF-8"?>
<!-- Generated by org.testng.reporters.JUnitReportReporter -->
<testsuite hostname="LAPIN6FGNL63" failures="0" tests="1" name="com.lambdatest.TestScenario1" time="17.363" errors="0" timestamp="29 Apr 2022 14:07:54 GMT" skipped="0">
  <testcase classname="com.lambdatest.TestScenario1" name="basicTest" time="17.363"/>
</testsuite> <!-- com.lambdatest.TestScenario1 -->
