<?xml version="1.0" encoding="UTF-8"?>
<!-- Generated by org.testng.reporters.JUnitReportReporter -->
<testsuite hostname="LAPIN6FGNL63" failures="0" tests="1" name="com.lambdatest.TestScenario3" time="31.017" errors="0" timestamp="01 May 2022 06:53:49 GMT" skipped="0">
  <testcase classname="com.lambdatest.TestScenario3" name="basicTest" time="31.017"/>
</testsuite> <!-- com.lambdatest.TestScenario3 -->
